
> explorer@1.6.1 start /home/szhelonkin/block_explorer/explorer
> node --stack-size=10000 ./bin/cluster

Starting cluster with pid: 18581
[90mGET / [32m200 [90m738ms - 8.64kb[0m
[90mGET /stylesheets/style.css [32m200 [90m5ms - 1.88kb[0m
[90mGET /themes/Readable/bootstrap.min.css [32m200 [90m10ms - 117.49kb[0m
[90mGET /vendor/jqplot/plugins/jqplot.dateAxisRenderer.min.js [32m200 [90m5ms - 9.83kb[0m
[90mGET /vendor/jqplot/plugins/jqplot.highlighter.min.js [32m200 [90m1ms - 7.38kb[0m
[90mGET /vendor/jqplot/plugins/jqplot.pieRenderer.min.js [32m200 [90m1ms - 13.33kb[0m
[90mGET /vendor/jqplot/jquery.jqplot.css [32m200 [90m18ms - 5.49kb[0m
[90mGET /vendor/jqplot/plugins/jqplot.ohlcRenderer.min.js [32m200 [90m14ms - 4.07kb[0m
[90mGET /vendor/jqplot/plugins/jqplot.barRenderer.min.js [32m200 [90m1ms - 13.11kb[0m
[90mGET /vendor/jqplot/plugins/jqplot.categoryAxisRenderer.min.js [32m200 [90m1ms - 9.55kb[0m
[90mGET /javascripts/chart.js [32m200 [90m1ms - 43.46kb[0m
[90mGET /vendor/jqplot/jquery.jqplot.min.js [32m200 [90m22ms - 168.44kb[0m
[90mGET /images/logo.png [32m200 [90m2ms - 16.66kb[0m
[90mGET /themes/fonts/glyphicons-halflings-regular.woff2 [32m200 [90m1ms - 17.61kb[0m
[90mGET /api/getdifficulty [32m200 [90m15ms - 21b[0m
[90mGET /api/getnetworkhashps [32m200 [90m10ms - 17b[0m
[90mGET /api/getconnectioncount [32m200 [90m5ms - 1b[0m
[90mGET /api/getblockcount [32m200 [90m4ms - 6b[0m
[90mGET /ext/summary [32m200 [90m83ms - 153b[0m
[90mGET /ext/getlasttxs/0.00000001?_=1502739939550 [32m200 [90m54ms - 38.88kb[0m
[90mGET /api/getdifficulty [32m200 [90m3ms - 21b[0m
[90mGET /ext/getlasttxs/0.00000001?_=1502729659908 [32m200 [90m53ms - 38.88kb[0m
[90mGET /api/getnetworkhashps [32m200 [90m3ms - 17b[0m
[90mGET /api/getconnectioncount [32m200 [90m2ms - 1b[0m
[90mGET /api/getblockcount [32m200 [90m3ms - 6b[0m
[90mGET /ext/summary [36m304 [90m82ms[0m
[90mGET /api/getdifficulty [32m200 [90m3ms - 21b[0m
[90mGET /api/getnetworkhashps [32m200 [90m3ms - 17b[0m
[90mGET /api/getconnectioncount [32m200 [90m3ms - 1b[0m
[90mGET /api/getblockcount [32m200 [90m3ms - 6b[0m
[90mGET /ext/summary [36m304 [90m29ms[0m
[90mGET /ext/getlasttxs/0.00000001?_=1502739939551 [32m200 [90m49ms - 38.88kb[0m
[90mGET /api/getdifficulty [32m200 [90m4ms - 21b[0m
[90mGET /ext/getlasttxs/0.00000001?_=1502729659909 [32m200 [90m54ms - 38.88kb[0m
[90mGET /api/getnetworkhashps [32m200 [90m2ms - 17b[0m
[90mGET /api/getconnectioncount [32m200 [90m3ms - 1b[0m
[90mGET /api/getblockcount [32m200 [90m2ms - 6b[0m
[90mGET /ext/summary [36m304 [90m72ms[0m
[90mGET /api/getdifficulty [32m200 [90m3ms - 21b[0m
[90mGET /ext/getlasttxs/0.00000001?_=1502739939552 [32m200 [90m74ms - 38.88kb[0m
[90mGET /api/getnetworkhashps [32m200 [90m68ms - 17b[0m
[90mGET /api/getconnectioncount [32m200 [90m5ms - 1b[0m
[90mGET /api/getblockcount [32m200 [90m2ms - 6b[0m
[90mGET /ext/summary [36m304 [90m97ms[0m
[90mGET /ext/getlasttxs/0.00000001?_=1502729659910 [32m200 [90m44ms - 38.88kb[0m
[90mGET /api/getdifficulty [32m200 [90m37ms - 21b[0m
[90mGET /api/getnetworkhashps [32m200 [90m3ms - 17b[0m
[90mGET /api/getconnectioncount [32m200 [90m4ms - 1b[0m
[90mGET /api/getblockcount [32m200 [90m4ms - 6b[0m
[90mGET /ext/summary [36m304 [90m71ms[0m

> explorer@1.6.1 start /home/szhelonkin/block_explorer/explorer
> node --stack-size=10000 ./bin/cluster

Starting cluster with pid: 19436
